scripts/kconfig/conf --silentoldconfig Kconfig
  CHK     include/config/kernel.release
  CHK     include/generated/uapi/linux/version.h
  CHK     include/generated/utsrelease.h
make[1]: `include/generated/mach-types.h' is up to date.
  CALL    scripts/checksyscalls.sh
  CHK     include/generated/compile.h
  CC      arch/arm/mm/dma-mapping.o
  CC      arch/arm/mm/iomap.o
  CC      arch/arm/kernel/bios32.o
  CC      arch/arm/mach-imx/mach-imx6q.o
  LD      arch/arm/kernel/built-in.o
  LD      arch/arm/mm/built-in.o
  LD      arch/arm/mach-imx/built-in.o
  GZIP    kernel/config_data.gz
  CHK     kernel/config_data.h
  UPD     kernel/config_data.h
  CC      kernel/configs.o
  LD      kernel/built-in.o
  CC      drivers/ata/libata-core.o
  CC      sound/core/misc.o
  LD      sound/core/snd-timer.o
  LD      sound/core/snd-pcm.o
  LD      sound/core/snd-pcm-dmaengine.o
  LD      sound/core/snd-compress.o
  LD      sound/core/snd.o
  LD      sound/core/built-in.o
  CC      drivers/ata/libata-eh.o
  LD      sound/built-in.o
  CC      drivers/ata/libata-sff.o
  LD      drivers/ata/libata.o
  LD      drivers/ata/built-in.o
  CC      lib/pci_iomap.o
  CC      net/core/dev.o
  CC      lib/devres.o
  CC      drivers/gpu/drm/drm_auth.o
  CC      drivers/gpu/drm/drm_buffer.o
  LD      lib/built-in.o
  CC      drivers/gpu/drm/drm_bufs.o
  CC      drivers/gpu/vga/vgaarb.o
  LD      drivers/gpu/vga/built-in.o
  CC      drivers/gpu/drm/drm_cache.o
  CC      drivers/gpu/drm/drm_context.o
  CC      drivers/gpu/drm/drm_dma.o
  CC      drivers/gpu/drm/drm_drv.o
  CC      drivers/hwmon/hwmon.o
  LD      drivers/hwmon/built-in.o
  CC      drivers/gpu/drm/drm_fops.o
  CC      drivers/gpu/drm/drm_gem.o
  CC      net/core/rtnetlink.o
  CC      drivers/gpu/drm/drm_ioctl.o
  CC      drivers/gpu/drm/drm_irq.o
  CC      drivers/gpu/drm/drm_lock.o
  CC      drivers/gpu/drm/drm_memory.o
  LD      net/core/built-in.o
  CC      drivers/gpu/drm/drm_stub.o
  CC      drivers/gpu/drm/drm_vm.o
  LD      net/built-in.o
  CC      drivers/gpu/drm/drm_agpsupport.o
  CC      drivers/gpu/drm/drm_scatter.o
  CC      drivers/gpu/drm/drm_pci.o
  CC      drivers/gpu/drm/drm_platform.o
  CC      drivers/gpu/drm/drm_sysfs.o
  CC      drivers/gpu/drm/drm_hashtab.o
  CC      drivers/gpu/drm/drm_mm.o
  CC      drivers/gpu/drm/drm_crtc.o
  CC      drivers/gpu/drm/drm_modes.o
  CC      drivers/gpu/drm/drm_edid.o
  CC      drivers/gpu/drm/drm_info.o
  CC      drivers/gpu/drm/drm_debugfs.o
  CC      drivers/gpu/drm/drm_encoder_slave.o
  CC      drivers/gpu/drm/drm_trace_points.o
  CC      drivers/net/ethernet/freescale/fec_ptp.o
  CC      drivers/of/of_pci.o
  CC      drivers/gpu/drm/drm_prime.o
  LD      drivers/net/ethernet/freescale/fec.o
  LD      drivers/net/ethernet/freescale/built-in.o
  LD      drivers/net/ethernet/built-in.o
  CC      drivers/of/of_pci_irq.o
  LD      drivers/net/built-in.o
  CC      drivers/gpu/drm/drm_rect.o
  LD      drivers/of/built-in.o
  CC      drivers/gpu/drm/drm_vma_manager.o
  CC      drivers/pci/access.o
  CC      drivers/gpu/drm/drm_flip_work.o
  CC      drivers/pci/bus.o
  CC      drivers/gpu/drm/ati_pcigart.o
  CC      drivers/pci/probe.o
  CC      drivers/gpu/drm/vivante/vivante_drv.o
  CC      drivers/pci/host-bridge.o
  LD      drivers/gpu/drm/vivante/vivante.o
  LD      drivers/gpu/drm/vivante/built-in.o
  LD      drivers/gpu/drm/drm.o
  LD      drivers/gpu/drm/built-in.o
  LD      drivers/gpu/built-in.o
  CC      drivers/pci/remove.o
  CC      drivers/pci/pci.o
  CC      drivers/pci/pci-driver.o
  CC      drivers/pci/search.o
  CC      drivers/pci/pci-sysfs.o
  CC      drivers/scsi/scsi_lib.o
  CC      drivers/pci/rom.o
  CC      drivers/pci/setup-res.o
  CC      drivers/pci/irq.o
  CC      drivers/pci/vpd.o
  LD      drivers/scsi/sd_mod.o
  LD      drivers/scsi/scsi_mod.o
  LD      drivers/scsi/built-in.o
  CC      drivers/pci/setup-bus.o
  CC      drivers/pci/vc.o
  CC      drivers/pci/proc.o
  CC      drivers/pci/slot.o
  CC      drivers/usb/chipidea/ci_hdrc_pci.o
  LD      drivers/usb/chipidea/built-in.o
  CC      drivers/pci/quirks.o
  CC      drivers/usb/core/message.o
  CC      drivers/video/fbmon.o
  LD      drivers/video/fb.o
  LD      drivers/video/built-in.o
  CC      drivers/usb/host/pci-quirks.o
  CC      drivers/usb/core/hcd-pci.o
  CC      drivers/pci/host/pcie-designware.o
  CC      drivers/usb/host/ehci-hcd.o
  LD      drivers/usb/core/usbcore.o
  LD      drivers/usb/core/built-in.o
  CC      drivers/usb/host/ehci-pci.o
  CC      drivers/pci/host/pci-imx6.o
  CC      drivers/pci/host/pci-host-generic.o
  LD      drivers/pci/host/built-in.o
  CC      drivers/pci/pcie/aspm.o
  CC      drivers/pci/pcie/portdrv_core.o
  CC      drivers/pci/msi.o
  CC      drivers/pci/pcie/portdrv_pci.o
  CC      drivers/pci/pcie/portdrv_bus.o
  CC      drivers/pci/pcie/aer/aerdrv_errprint.o
  CC      drivers/pci/ats.o
  LD      drivers/usb/host/built-in.o
  LD      drivers/usb/built-in.o
  CC      drivers/pci/setup-irq.o
  CC      drivers/pci/syscall.o
  CC      drivers/pci/pcie/aer/aerdrv_core.o
  CC      drivers/pci/pcie/aer/aerdrv.o
  CC      drivers/pci/of.o
  CC      drivers/pci/pcie/pme.o
  LD      drivers/pci/pcie/aer/aerdriver.o
  LD      drivers/pci/pcie/aer/built-in.o
  LD      drivers/pci/pcie/pcieportdrv.o
  LD      drivers/pci/pcie/built-in.o
  LD      drivers/pci/built-in.o
  LD      drivers/built-in.o
  LINK    vmlinux
  LD      vmlinux.o
  MODPOST vmlinux.o
  GEN     .version
  CHK     include/generated/compile.h
  UPD     include/generated/compile.h
  CC      init/version.o
  LD      init/built-in.o
  KSYM    .tmp_kallsyms1.o
  KSYM    .tmp_kallsyms2.o
  LD      vmlinux
  SORTEX  vmlinux
  SYSMAP  System.map
  OBJCOPY arch/arm/boot/Image
  Kernel: arch/arm/boot/Image is ready
  LZO     arch/arm/boot/compressed/piggy.lzo
  AS      arch/arm/boot/compressed/piggy.lzo.o
  LD      arch/arm/boot/compressed/vmlinux
  OBJCOPY arch/arm/boot/zImage
  Kernel: arch/arm/boot/zImage is ready
  UIMAGE  arch/arm/boot/uImage
Image Name:   Linux-3.14.52-rt28-00002-g7659fe
Created:      Fri Sep 21 17:07:58 2018
Image Type:   ARM Linux Kernel Image (uncompressed)
Data Size:    5062608 Bytes = 4943.95 kB = 4.83 MB
Load Address: 10008000
Entry Point:  10008000
  Image arch/arm/boot/uImage is ready
